{"D:\\Akshay saini REACT\\foodvilla\\Constant.js": {"path":"D:\\Akshay saini REACT\\foodvilla\\Constant.js","statementMap":{"0":{"start":{"line":1,"column":25},"end":{"line":1,"column":116}},"1":{"start":{"line":3,"column":28},"end":{"line":3,"column":166}},"2":{"start":{"line":5,"column":22},"end":{"line":5,"column":194}}},"fnMap":{},"branchMap":{},"s":{"0":2,"1":2,"2":2},"f":{},"b":{},"_coverageSchema":"1a1c01bbd47fc00a2c39e90264f33305004495a9","hash":"15d73d86d5dbb6399c3a31a71dcbeb233b88fa66"}
,"D:\\Akshay saini REACT\\foodvilla\\components\\Body.js": {"path":"D:\\Akshay saini REACT\\foodvilla\\components\\Body.js","statementMap":{"0":{"start":{"line":11,"column":20},"end":{"line":118,"column":1}},"1":{"start":{"line":12,"column":28},"end":{"line":12,"column":51}},"2":{"start":{"line":13,"column":38},"end":{"line":13,"column":50}},"3":{"start":{"line":14,"column":46},"end":{"line":14,"column":58}},"4":{"start":{"line":15,"column":56},"end":{"line":15,"column":68}},"5":{"start":{"line":17,"column":2},"end":{"line":19,"column":9}},"6":{"start":{"line":18,"column":4},"end":{"line":18,"column":14}},"7":{"start":{"line":22,"column":17},"end":{"line":24,"column":5}},"8":{"start":{"line":25,"column":17},"end":{"line":25,"column":34}},"9":{"start":{"line":27,"column":4},"end":{"line":27,"column":63}},"10":{"start":{"line":29,"column":4},"end":{"line":29,"column":68}},"11":{"start":{"line":30,"column":4},"end":{"line":30,"column":57}},"12":{"start":{"line":43,"column":15},"end":{"line":43,"column":24}},"13":{"start":{"line":44,"column":2},"end":{"line":46,"column":3}},"14":{"start":{"line":45,"column":4},"end":{"line":45,"column":29}},"15":{"start":{"line":48,"column":2},"end":{"line":50,"column":3}},"16":{"start":{"line":49,"column":4},"end":{"line":49,"column":16}},"17":{"start":{"line":51,"column":2},"end":{"line":117,"column":4}},"18":{"start":{"line":63,"column":12},"end":{"line":63,"column":42}},"19":{"start":{"line":71,"column":25},"end":{"line":71,"column":63}},"20":{"start":{"line":72,"column":12},"end":{"line":72,"column":30}},"21":{"start":{"line":73,"column":12},"end":{"line":73,"column":41}},"22":{"start":{"line":74,"column":12},"end":{"line":74,"column":45}},"23":{"start":{"line":84,"column":10},"end":{"line":88,"column":12}},"24":{"start":{"line":95,"column":10},"end":{"line":99,"column":12}},"25":{"start":{"line":105,"column":10},"end":{"line":113,"column":12}}},"fnMap":{"0":{"name":"(anonymous_0)","decl":{"start":{"line":11,"column":20},"end":{"line":11,"column":21}},"loc":{"start":{"line":11,"column":26},"end":{"line":118,"column":1}},"line":11},"1":{"name":"(anonymous_1)","decl":{"start":{"line":17,"column":12},"end":{"line":17,"column":13}},"loc":{"start":{"line":17,"column":18},"end":{"line":19,"column":3}},"line":17},"2":{"name":"apicall","decl":{"start":{"line":21,"column":17},"end":{"line":21,"column":24}},"loc":{"start":{"line":21,"column":27},"end":{"line":31,"column":3}},"line":21},"3":{"name":"(anonymous_3)","decl":{"start":{"line":62,"column":20},"end":{"line":62,"column":21}},"loc":{"start":{"line":62,"column":27},"end":{"line":64,"column":11}},"line":62},"4":{"name":"(anonymous_4)","decl":{"start":{"line":70,"column":19},"end":{"line":70,"column":20}},"loc":{"start":{"line":70,"column":25},"end":{"line":75,"column":11}},"line":70},"5":{"name":"(anonymous_5)","decl":{"start":{"line":83,"column":18},"end":{"line":83,"column":19}},"loc":{"start":{"line":84,"column":10},"end":{"line":88,"column":12}},"line":84},"6":{"name":"(anonymous_6)","decl":{"start":{"line":94,"column":18},"end":{"line":94,"column":19}},"loc":{"start":{"line":95,"column":10},"end":{"line":99,"column":12}},"line":95},"7":{"name":"(anonymous_7)","decl":{"start":{"line":104,"column":33},"end":{"line":104,"column":34}},"loc":{"start":{"line":104,"column":49},"end":{"line":114,"column":9}},"line":104}},"branchMap":{"0":{"loc":{"start":{"line":44,"column":2},"end":{"line":46,"column":3}},"type":"if","locations":[{"start":{"line":44,"column":2},"end":{"line":46,"column":3}},{"start":{},"end":{}}],"line":44},"1":{"loc":{"start":{"line":48,"column":2},"end":{"line":50,"column":3}},"type":"if","locations":[{"start":{"line":48,"column":2},"end":{"line":50,"column":3}},{"start":{},"end":{}}],"line":48},"2":{"loc":{"start":{"line":51,"column":9},"end":{"line":117,"column":3}},"type":"cond-expr","locations":[{"start":{"line":52,"column":4},"end":{"line":52,"column":15}},{"start":{"line":54,"column":4},"end":{"line":116,"column":7}}],"line":51}},"s":{"0":2,"1":6,"2":6,"3":6,"4":6,"5":6,"6":2,"7":2,"8":2,"9":2,"10":2,"11":2,"12":6,"13":6,"14":0,"15":6,"16":0,"17":6,"18":1,"19":1,"20":1,"21":1,"22":1,"23":0,"24":0,"25":46},"f":{"0":6,"1":2,"2":2,"3":1,"4":1,"5":0,"6":0,"7":46},"b":{"0":[0,6],"1":[0,6],"2":[2,4]},"_coverageSchema":"1a1c01bbd47fc00a2c39e90264f33305004495a9","hash":"b1920f827e4bf5d50ece627c5b9ce2d3229c10f6"}
,"D:\\Akshay saini REACT\\foodvilla\\components\\Header.js": {"path":"D:\\Akshay saini REACT\\foodvilla\\components\\Header.js","statementMap":{"0":{"start":{"line":8,"column":14},"end":{"line":12,"column":1}},"1":{"start":{"line":9,"column":2},"end":{"line":11,"column":6}},"2":{"start":{"line":14,"column":22},"end":{"line":65,"column":1}},"3":{"start":{"line":15,"column":38},"end":{"line":15,"column":53}},"4":{"start":{"line":16,"column":17},"end":{"line":16,"column":26}},"5":{"start":{"line":17,"column":19},"end":{"line":17,"column":42}},"6":{"start":{"line":18,"column":20},"end":{"line":18,"column":60}},"7":{"start":{"line":18,"column":43},"end":{"line":18,"column":59}},"8":{"start":{"line":20,"column":2},"end":{"line":64,"column":4}},"9":{"start":{"line":48,"column":14},"end":{"line":48,"column":35}},"10":{"start":{"line":56,"column":14},"end":{"line":56,"column":34}}},"fnMap":{"0":{"name":"(anonymous_0)","decl":{"start":{"line":8,"column":14},"end":{"line":8,"column":15}},"loc":{"start":{"line":9,"column":2},"end":{"line":11,"column":6}},"line":9},"1":{"name":"(anonymous_1)","decl":{"start":{"line":14,"column":22},"end":{"line":14,"column":23}},"loc":{"start":{"line":14,"column":28},"end":{"line":65,"column":1}},"line":14},"2":{"name":"(anonymous_2)","decl":{"start":{"line":18,"column":32},"end":{"line":18,"column":33}},"loc":{"start":{"line":18,"column":43},"end":{"line":18,"column":59}},"line":18},"3":{"name":"(anonymous_3)","decl":{"start":{"line":47,"column":21},"end":{"line":47,"column":22}},"loc":{"start":{"line":47,"column":27},"end":{"line":49,"column":13}},"line":47},"4":{"name":"(anonymous_4)","decl":{"start":{"line":55,"column":21},"end":{"line":55,"column":22}},"loc":{"start":{"line":55,"column":27},"end":{"line":57,"column":13}},"line":55}},"branchMap":{"0":{"loc":{"start":{"line":42,"column":41},"end":{"line":42,"column":67}},"type":"cond-expr","locations":[{"start":{"line":42,"column":52},"end":{"line":42,"column":57}},{"start":{"line":42,"column":60},"end":{"line":42,"column":67}}],"line":42},"1":{"loc":{"start":{"line":45,"column":9},"end":{"line":61,"column":9}},"type":"cond-expr","locations":[{"start":{"line":46,"column":10},"end":{"line":52,"column":19}},{"start":{"line":54,"column":10},"end":{"line":60,"column":19}}],"line":45}},"s":{"0":2,"1":5,"2":2,"3":5,"4":5,"5":5,"6":5,"7":10,"8":5,"9":0,"10":0},"f":{"0":5,"1":5,"2":10,"3":0,"4":0},"b":{"0":[5,0],"1":[0,5]},"_coverageSchema":"1a1c01bbd47fc00a2c39e90264f33305004495a9","hash":"263ee6b6331e0de1c6eeb70fa564207328ab9b64"}
,"D:\\Akshay saini REACT\\foodvilla\\components\\RestaurantCard.js": {"path":"D:\\Akshay saini REACT\\foodvilla\\components\\RestaurantCard.js","statementMap":{"0":{"start":{"line":3,"column":30},"end":{"line":12,"column":1}},"1":{"start":{"line":4,"column":2},"end":{"line":11,"column":4}}},"fnMap":{"0":{"name":"(anonymous_0)","decl":{"start":{"line":3,"column":30},"end":{"line":3,"column":31}},"loc":{"start":{"line":3,"column":78},"end":{"line":12,"column":1}},"line":3}},"branchMap":{},"s":{"0":2,"1":46},"f":{"0":46},"b":{},"_coverageSchema":"1a1c01bbd47fc00a2c39e90264f33305004495a9","hash":"5f969412818c896b1b644eb04db548d88bed3a06"}
,"D:\\Akshay saini REACT\\foodvilla\\components\\RestaurantMenu.js": {"path":"D:\\Akshay saini REACT\\foodvilla\\components\\RestaurantMenu.js","statementMap":{"0":{"start":{"line":10,"column":23},"end":{"line":45,"column":1}},"1":{"start":{"line":11,"column":17},"end":{"line":11,"column":28}},"2":{"start":{"line":12,"column":21},"end":{"line":12,"column":38}},"3":{"start":{"line":14,"column":19},"end":{"line":14,"column":32}},"4":{"start":{"line":15,"column":20},"end":{"line":15,"column":60}},"5":{"start":{"line":15,"column":43},"end":{"line":15,"column":59}},"6":{"start":{"line":16,"column":22},"end":{"line":18,"column":3}},"7":{"start":{"line":17,"column":4},"end":{"line":17,"column":27}},"8":{"start":{"line":19,"column":2},"end":{"line":19,"column":25}},"9":{"start":{"line":21,"column":2},"end":{"line":44,"column":4}},"10":{"start":{"line":36,"column":12},"end":{"line":36,"column":41}}},"fnMap":{"0":{"name":"(anonymous_0)","decl":{"start":{"line":10,"column":23},"end":{"line":10,"column":24}},"loc":{"start":{"line":10,"column":29},"end":{"line":45,"column":1}},"line":10},"1":{"name":"(anonymous_1)","decl":{"start":{"line":15,"column":32},"end":{"line":15,"column":33}},"loc":{"start":{"line":15,"column":43},"end":{"line":15,"column":59}},"line":15},"2":{"name":"(anonymous_2)","decl":{"start":{"line":16,"column":22},"end":{"line":16,"column":23}},"loc":{"start":{"line":16,"column":31},"end":{"line":18,"column":3}},"line":16},"3":{"name":"(anonymous_3)","decl":{"start":{"line":35,"column":19},"end":{"line":35,"column":20}},"loc":{"start":{"line":35,"column":25},"end":{"line":37,"column":11}},"line":35}},"branchMap":{"0":{"loc":{"start":{"line":21,"column":9},"end":{"line":44,"column":3}},"type":"cond-expr","locations":[{"start":{"line":22,"column":4},"end":{"line":22,"column":15}},{"start":{"line":24,"column":4},"end":{"line":43,"column":10}}],"line":21}},"s":{"0":1,"1":3,"2":3,"3":3,"4":3,"5":5,"6":3,"7":1,"8":3,"9":3,"10":1},"f":{"0":3,"1":5,"2":1,"3":1},"b":{"0":[1,2]},"_coverageSchema":"1a1c01bbd47fc00a2c39e90264f33305004495a9","hash":"aa9faa5daac53e805bb3f8e89eff091523f54d9a"}
,"D:\\Akshay saini REACT\\foodvilla\\components\\Shimmer.js": {"path":"D:\\Akshay saini REACT\\foodvilla\\components\\Shimmer.js","statementMap":{"0":{"start":{"line":1,"column":16},"end":{"line":10,"column":1}},"1":{"start":{"line":2,"column":2},"end":{"line":9,"column":4}},"2":{"start":{"line":5,"column":12},"end":{"line":5,"column":72}}},"fnMap":{"0":{"name":"(anonymous_0)","decl":{"start":{"line":1,"column":16},"end":{"line":1,"column":17}},"loc":{"start":{"line":1,"column":22},"end":{"line":10,"column":1}},"line":1},"1":{"name":"(anonymous_1)","decl":{"start":{"line":4,"column":32},"end":{"line":4,"column":33}},"loc":{"start":{"line":4,"column":43},"end":{"line":6,"column":9}},"line":4}},"branchMap":{},"s":{"0":2,"1":3,"2":45},"f":{"0":3,"1":45},"b":{},"_coverageSchema":"1a1c01bbd47fc00a2c39e90264f33305004495a9","hash":"36324d0215ee4c8328f6a03f26a2a61c854ad143"}
,"D:\\Akshay saini REACT\\foodvilla\\components\\sum.js": {"path":"D:\\Akshay saini REACT\\foodvilla\\components\\sum.js","statementMap":{"0":{"start":{"line":1,"column":19},"end":{"line":1,"column":34}},"1":{"start":{"line":1,"column":29},"end":{"line":1,"column":34}}},"fnMap":{"0":{"name":"(anonymous_0)","decl":{"start":{"line":1,"column":19},"end":{"line":1,"column":20}},"loc":{"start":{"line":1,"column":29},"end":{"line":1,"column":34}},"line":1}},"branchMap":{},"s":{"0":1,"1":1},"f":{"0":1},"b":{},"_coverageSchema":"1a1c01bbd47fc00a2c39e90264f33305004495a9","hash":"9c1ce74198ce5336c3d0499fb0b0e6f64e4156ca"}
,"D:\\Akshay saini REACT\\foodvilla\\components\\Utils\\FilterData.js": {"path":"D:\\Akshay saini REACT\\foodvilla\\components\\Utils\\FilterData.js","statementMap":{"0":{"start":{"line":5,"column":23},"end":{"line":9,"column":6}},"1":{"start":{"line":6,"column":6},"end":{"line":8,"column":44}},"2":{"start":{"line":10,"column":4},"end":{"line":10,"column":22}}},"fnMap":{"0":{"name":"FilterData","decl":{"start":{"line":4,"column":16},"end":{"line":4,"column":26}},"loc":{"start":{"line":4,"column":52},"end":{"line":11,"column":3}},"line":4},"1":{"name":"(anonymous_1)","decl":{"start":{"line":5,"column":42},"end":{"line":5,"column":43}},"loc":{"start":{"line":5,"column":58},"end":{"line":9,"column":5}},"line":5}},"branchMap":{},"s":{"0":1,"1":15,"2":1},"f":{"0":1,"1":15},"b":{},"_coverageSchema":"1a1c01bbd47fc00a2c39e90264f33305004495a9","hash":"7cee5e159c2353122e2080ad5968f66751d3b04c"}
,"D:\\Akshay saini REACT\\foodvilla\\components\\Utils\\UserContext.js": {"path":"D:\\Akshay saini REACT\\foodvilla\\components\\Utils\\UserContext.js","statementMap":{"0":{"start":{"line":3,"column":19},"end":{"line":8,"column":2}}},"fnMap":{},"branchMap":{},"s":{"0":3},"f":{},"b":{},"_coverageSchema":"1a1c01bbd47fc00a2c39e90264f33305004495a9","hash":"8ceb4f080f330e6dd301029c91c5b0fb28333e45"}
,"D:\\Akshay saini REACT\\foodvilla\\components\\Utils\\cartSlice.js": {"path":"D:\\Akshay saini REACT\\foodvilla\\components\\Utils\\cartSlice.js","statementMap":{"0":{"start":{"line":3,"column":18},"end":{"line":19,"column":2}},"1":{"start":{"line":10,"column":6},"end":{"line":10,"column":39}},"2":{"start":{"line":13,"column":6},"end":{"line":13,"column":24}},"3":{"start":{"line":16,"column":6},"end":{"line":16,"column":23}},"4":{"start":{"line":20,"column":50},"end":{"line":20,"column":67}}},"fnMap":{"0":{"name":"(anonymous_0)","decl":{"start":{"line":9,"column":13},"end":{"line":9,"column":14}},"loc":{"start":{"line":9,"column":32},"end":{"line":11,"column":5}},"line":9},"1":{"name":"(anonymous_1)","decl":{"start":{"line":12,"column":16},"end":{"line":12,"column":17}},"loc":{"start":{"line":12,"column":35},"end":{"line":14,"column":5}},"line":12},"2":{"name":"(anonymous_2)","decl":{"start":{"line":15,"column":15},"end":{"line":15,"column":16}},"loc":{"start":{"line":15,"column":26},"end":{"line":17,"column":5}},"line":15}},"branchMap":{},"s":{"0":3,"1":1,"2":0,"3":0,"4":3},"f":{"0":1,"1":0,"2":0},"b":{},"_coverageSchema":"1a1c01bbd47fc00a2c39e90264f33305004495a9","hash":"0fce7b328e83f43d238d518c13de0f68bfb17870"}
,"D:\\Akshay saini REACT\\foodvilla\\components\\Utils\\store.js": {"path":"D:\\Akshay saini REACT\\foodvilla\\components\\Utils\\store.js","statementMap":{"0":{"start":{"line":4,"column":14},"end":{"line":8,"column":2}}},"fnMap":{},"branchMap":{},"s":{"0":3},"f":{},"b":{},"_coverageSchema":"1a1c01bbd47fc00a2c39e90264f33305004495a9","hash":"b7f4c30aacc6a6337d8c8e3822b5166a869eaaf5"}
,"D:\\Akshay saini REACT\\foodvilla\\components\\Utils\\useFetchRestaurant.js": {"path":"D:\\Akshay saini REACT\\foodvilla\\components\\Utils\\useFetchRestaurant.js","statementMap":{},"fnMap":{},"branchMap":{},"s":{},"f":{},"b":{},"_coverageSchema":"1a1c01bbd47fc00a2c39e90264f33305004495a9","hash":"cfb66164ccbf2e1ea1587d602115b656fc518838"}
,"D:\\Akshay saini REACT\\foodvilla\\components\\Utils\\useOnline.js": {"path":"D:\\Akshay saini REACT\\foodvilla\\components\\Utils\\useOnline.js","statementMap":{"0":{"start":{"line":3,"column":25},"end":{"line":23,"column":1}},"1":{"start":{"line":4,"column":34},"end":{"line":4,"column":48}},"2":{"start":{"line":5,"column":23},"end":{"line":7,"column":3}},"3":{"start":{"line":6,"column":4},"end":{"line":6,"column":22}},"4":{"start":{"line":8,"column":24},"end":{"line":10,"column":3}},"5":{"start":{"line":9,"column":4},"end":{"line":9,"column":22}},"6":{"start":{"line":12,"column":2},"end":{"line":20,"column":9}},"7":{"start":{"line":13,"column":4},"end":{"line":13,"column":52}},"8":{"start":{"line":14,"column":4},"end":{"line":14,"column":54}},"9":{"start":{"line":16,"column":4},"end":{"line":19,"column":6}},"10":{"start":{"line":17,"column":8},"end":{"line":17,"column":57}},"11":{"start":{"line":18,"column":8},"end":{"line":18,"column":59}},"12":{"start":{"line":22,"column":2},"end":{"line":22,"column":18}}},"fnMap":{"0":{"name":"(anonymous_0)","decl":{"start":{"line":3,"column":25},"end":{"line":3,"column":26}},"loc":{"start":{"line":3,"column":31},"end":{"line":23,"column":1}},"line":3},"1":{"name":"(anonymous_1)","decl":{"start":{"line":5,"column":23},"end":{"line":5,"column":24}},"loc":{"start":{"line":5,"column":29},"end":{"line":7,"column":3}},"line":5},"2":{"name":"(anonymous_2)","decl":{"start":{"line":8,"column":24},"end":{"line":8,"column":25}},"loc":{"start":{"line":8,"column":30},"end":{"line":10,"column":3}},"line":8},"3":{"name":"(anonymous_3)","decl":{"start":{"line":12,"column":12},"end":{"line":12,"column":13}},"loc":{"start":{"line":12,"column":18},"end":{"line":20,"column":3}},"line":12},"4":{"name":"(anonymous_4)","decl":{"start":{"line":16,"column":11},"end":{"line":16,"column":12}},"loc":{"start":{"line":16,"column":17},"end":{"line":19,"column":5}},"line":16}},"branchMap":{},"s":{"0":3,"1":0,"2":0,"3":0,"4":0,"5":0,"6":0,"7":0,"8":0,"9":0,"10":0,"11":0,"12":0},"f":{"0":0,"1":0,"2":0,"3":0,"4":0},"b":{},"_coverageSchema":"1a1c01bbd47fc00a2c39e90264f33305004495a9","hash":"816a1ada69ecabe1970c4a40e08197b578033623"}
,"D:\\Akshay saini REACT\\foodvilla\\components\\Utils\\useRestaurant.js": {"path":"D:\\Akshay saini REACT\\foodvilla\\components\\Utils\\useRestaurant.js","statementMap":{"0":{"start":{"line":3,"column":29},"end":{"line":17,"column":1}},"1":{"start":{"line":4,"column":38},"end":{"line":4,"column":52}},"2":{"start":{"line":5,"column":2},"end":{"line":7,"column":9}},"3":{"start":{"line":6,"column":4},"end":{"line":6,"column":14}},"4":{"start":{"line":10,"column":17},"end":{"line":10,"column":46}},"5":{"start":{"line":11,"column":17},"end":{"line":11,"column":34}},"6":{"start":{"line":13,"column":4},"end":{"line":13,"column":58}},"7":{"start":{"line":16,"column":2},"end":{"line":16,"column":19}}},"fnMap":{"0":{"name":"(anonymous_0)","decl":{"start":{"line":3,"column":29},"end":{"line":3,"column":30}},"loc":{"start":{"line":3,"column":40},"end":{"line":17,"column":1}},"line":3},"1":{"name":"(anonymous_1)","decl":{"start":{"line":5,"column":12},"end":{"line":5,"column":13}},"loc":{"start":{"line":5,"column":18},"end":{"line":7,"column":3}},"line":5},"2":{"name":"Apicall","decl":{"start":{"line":9,"column":17},"end":{"line":9,"column":24}},"loc":{"start":{"line":9,"column":27},"end":{"line":15,"column":3}},"line":9}},"branchMap":{},"s":{"0":1,"1":3,"2":3,"3":1,"4":1,"5":1,"6":1,"7":3},"f":{"0":3,"1":1,"2":1},"b":{},"_coverageSchema":"1a1c01bbd47fc00a2c39e90264f33305004495a9","hash":"d153325ea3ea0acb2d179ab0930b221b5dd8b7b5"}
,"D:\\Akshay saini REACT\\foodvilla\\mocks\\data.js": {"path":"D:\\Akshay saini REACT\\foodvilla\\mocks\\data.js","statementMap":{"0":{"start":{"line":1,"column":23},"end":{"line":23073,"column":1}},"1":{"start":{"line":23075,"column":29},"end":{"line":25237,"column":1}}},"fnMap":{},"branchMap":{},"s":{"0":2,"1":2},"f":{},"b":{},"_coverageSchema":"1a1c01bbd47fc00a2c39e90264f33305004495a9","hash":"d2a770e1412f97b2093c000b8d5a9c7d6f383ec7"}
,"D:\\Akshay saini REACT\\foodvilla\\mocks\\dummyLogo.js": {"path":"D:\\Akshay saini REACT\\foodvilla\\mocks\\dummyLogo.js","statementMap":{},"fnMap":{},"branchMap":{},"s":{},"f":{},"b":{},"_coverageSchema":"1a1c01bbd47fc00a2c39e90264f33305004495a9","hash":"7e9e3da4c1f7cdec4e53253ea37d27fb1a4bd333"}
}
