TN:
SF:Constant.js
FNF:0
FNH:0
DA:1,2
DA:3,2
DA:5,2
LF:3
LH:3
BRF:0
BRH:0
end_of_record
TN:
SF:components\Body.js
FN:11,(anonymous_0)
FN:17,(anonymous_1)
FN:21,apicall
FN:62,(anonymous_3)
FN:70,(anonymous_4)
FN:83,(anonymous_5)
FN:94,(anonymous_6)
FN:104,(anonymous_7)
FNF:8
FNH:6
FNDA:6,(anonymous_0)
FNDA:2,(anonymous_1)
FNDA:2,apicall
FNDA:1,(anonymous_3)
FNDA:1,(anonymous_4)
FNDA:0,(anonymous_5)
FNDA:0,(anonymous_6)
FNDA:46,(anonymous_7)
DA:11,2
DA:12,6
DA:13,6
DA:14,6
DA:15,6
DA:17,6
DA:18,2
DA:22,2
DA:25,2
DA:27,2
DA:29,2
DA:30,2
DA:43,6
DA:44,6
DA:45,0
DA:48,6
DA:49,0
DA:51,6
DA:63,1
DA:71,1
DA:72,1
DA:73,1
DA:74,1
DA:84,0
DA:95,0
DA:105,46
LF:26
LH:22
BRDA:44,0,0,0
BRDA:44,0,1,6
BRDA:48,1,0,0
BRDA:48,1,1,6
BRDA:51,2,0,2
BRDA:51,2,1,4
BRF:6
BRH:4
end_of_record
TN:
SF:components\Header.js
FN:8,(anonymous_0)
FN:14,(anonymous_1)
FN:18,(anonymous_2)
FN:47,(anonymous_3)
FN:55,(anonymous_4)
FNF:5
FNH:3
FNDA:5,(anonymous_0)
FNDA:5,(anonymous_1)
FNDA:10,(anonymous_2)
FNDA:0,(anonymous_3)
FNDA:0,(anonymous_4)
DA:8,2
DA:9,5
DA:14,2
DA:15,5
DA:16,5
DA:17,5
DA:18,10
DA:20,5
DA:48,0
DA:56,0
LF:10
LH:8
BRDA:42,0,0,5
BRDA:42,0,1,0
BRDA:45,1,0,0
BRDA:45,1,1,5
BRF:4
BRH:2
end_of_record
TN:
SF:components\RestaurantCard.js
FN:3,(anonymous_0)
FNF:1
FNH:1
FNDA:46,(anonymous_0)
DA:3,2
DA:4,46
LF:2
LH:2
BRF:0
BRH:0
end_of_record
TN:
SF:components\RestaurantMenu.js
FN:10,(anonymous_0)
FN:15,(anonymous_1)
FN:16,(anonymous_2)
FN:35,(anonymous_3)
FNF:4
FNH:4
FNDA:3,(anonymous_0)
FNDA:5,(anonymous_1)
FNDA:1,(anonymous_2)
FNDA:1,(anonymous_3)
DA:10,1
DA:11,3
DA:12,3
DA:14,3
DA:15,5
DA:16,3
DA:17,1
DA:19,3
DA:21,3
DA:36,1
LF:10
LH:10
BRDA:21,0,0,1
BRDA:21,0,1,2
BRF:2
BRH:2
end_of_record
TN:
SF:components\Shimmer.js
FN:1,(anonymous_0)
FN:4,(anonymous_1)
FNF:2
FNH:2
FNDA:3,(anonymous_0)
FNDA:45,(anonymous_1)
DA:1,2
DA:2,3
DA:5,45
LF:3
LH:3
BRF:0
BRH:0
end_of_record
TN:
SF:components\sum.js
FN:1,(anonymous_0)
FNF:1
FNH:1
FNDA:1,(anonymous_0)
DA:1,1
LF:1
LH:1
BRF:0
BRH:0
end_of_record
TN:
SF:components\Utils\FilterData.js
FN:4,FilterData
FN:5,(anonymous_1)
FNF:2
FNH:2
FNDA:1,FilterData
FNDA:15,(anonymous_1)
DA:5,1
DA:6,15
DA:10,1
LF:3
LH:3
BRF:0
BRH:0
end_of_record
TN:
SF:components\Utils\UserContext.js
FNF:0
FNH:0
DA:3,3
LF:1
LH:1
BRF:0
BRH:0
end_of_record
TN:
SF:components\Utils\cartSlice.js
FN:9,(anonymous_0)
FN:12,(anonymous_1)
FN:15,(anonymous_2)
FNF:3
FNH:1
FNDA:1,(anonymous_0)
FNDA:0,(anonymous_1)
FNDA:0,(anonymous_2)
DA:3,3
DA:10,1
DA:13,0
DA:16,0
DA:20,3
LF:5
LH:3
BRF:0
BRH:0
end_of_record
TN:
SF:components\Utils\store.js
FNF:0
FNH:0
DA:4,3
LF:1
LH:1
BRF:0
BRH:0
end_of_record
TN:
SF:components\Utils\useFetchRestaurant.js
FNF:0
FNH:0
LF:0
LH:0
BRF:0
BRH:0
end_of_record
TN:
SF:components\Utils\useOnline.js
FN:3,(anonymous_0)
FN:5,(anonymous_1)
FN:8,(anonymous_2)
FN:12,(anonymous_3)
FN:16,(anonymous_4)
FNF:5
FNH:0
FNDA:0,(anonymous_0)
FNDA:0,(anonymous_1)
FNDA:0,(anonymous_2)
FNDA:0,(anonymous_3)
FNDA:0,(anonymous_4)
DA:3,3
DA:4,0
DA:5,0
DA:6,0
DA:8,0
DA:9,0
DA:12,0
DA:13,0
DA:14,0
DA:16,0
DA:17,0
DA:18,0
DA:22,0
LF:13
LH:1
BRF:0
BRH:0
end_of_record
TN:
SF:components\Utils\useRestaurant.js
FN:3,(anonymous_0)
FN:5,(anonymous_1)
FN:9,Apicall
FNF:3
FNH:3
FNDA:3,(anonymous_0)
FNDA:1,(anonymous_1)
FNDA:1,Apicall
DA:3,1
DA:4,3
DA:5,3
DA:6,1
DA:10,1
DA:11,1
DA:13,1
DA:16,3
LF:8
LH:8
BRF:0
BRH:0
end_of_record
TN:
SF:mocks\data.js
FNF:0
FNH:0
DA:1,2
DA:23075,2
LF:2
LH:2
BRF:0
BRH:0
end_of_record
TN:
SF:mocks\dummyLogo.js
FNF:0
FNH:0
LF:0
LH:0
BRF:0
BRH:0
end_of_record
